0 info it worked if it ends with ok
1 verbose cli [ 'C:\\Program Files (x86)\\nodejs\\node.exe',
1 verbose cli   'C:\\Program Files (x86)\\nodejs\\node_modules\\npm\\bin\\npm-cli.js',
1 verbose cli   'run-script',
1 verbose cli   'start' ]
2 info using npm@3.9.3
3 info using node@v6.2.1
4 verbose run-script [ 'prestart', 'start', 'poststart' ]
5 info lifecycle command-tool@0.0.1~prestart: command-tool@0.0.1
6 silly lifecycle command-tool@0.0.1~prestart: no script for prestart, continuing
7 info lifecycle command-tool@0.0.1~start: command-tool@0.0.1
8 verbose lifecycle command-tool@0.0.1~start: unsafe-perm in lifecycle true
9 verbose lifecycle command-tool@0.0.1~start: PATH: C:\Program Files (x86)\nodejs\node_modules\npm\bin\node-gyp-bin;F:\webStorm project\cynomys_ct\node_modules\.bin;C:\Program Files (x86)\nodejs;C:\ProgramData\Oracle\Java\javapath;C:\Windows\system32;C:\Windows;C:\Windows\System32\Wbem;C:\Windows\System32\WindowsPowerShell\v1.0\;C:\Program Files (x86)\NVIDIA Corporation\PhysX\Common;D:\jdk1.8\bin;F:\apache-maven-3.3.3\bin;C:\WINDOWS\system32;C:\WINDOWS;C:\WINDOWS\System32\Wbem;C:\WINDOWS\System32\WindowsPowerShell\v1.0\;C:\sqlite;C:\WINDOWS\system32\config\systemprofile\.dnx\bin;C:\Program Files\Microsoft DNX\Dnvm\;C:\Program Files (x86)\Windows Kits\8.1\Windows Performance Toolkit\;C:\Program Files (x86)\nodejs\;C:\Program Files\Git\cmd;C:\Users\Administrator\AppData\Local\atom\bin;C:\Users\Administrator\AppData\Roaming\npm
10 verbose lifecycle command-tool@0.0.1~start: CWD: F:\webStorm project\cynomys_ct
11 silly lifecycle command-tool@0.0.1~start: Args: [ '/d /s /c', 'tru preview f:\\game' ]
12 silly lifecycle command-tool@0.0.1~start: Returned: code: 1  signal: null
13 info lifecycle command-tool@0.0.1~start: Failed to exec start script
14 verbose stack Error: command-tool@0.0.1 start: `tru preview f:\game`
14 verbose stack Exit status 1
14 verbose stack     at EventEmitter.<anonymous> (C:\Program Files (x86)\nodejs\node_modules\npm\lib\utils\lifecycle.js:245:16)
14 verbose stack     at emitTwo (events.js:106:13)
14 verbose stack     at EventEmitter.emit (events.js:191:7)
14 verbose stack     at ChildProcess.<anonymous> (C:\Program Files (x86)\nodejs\node_modules\npm\lib\utils\spawn.js:24:14)
14 verbose stack     at emitTwo (events.js:106:13)
14 verbose stack     at ChildProcess.emit (events.js:191:7)
14 verbose stack     at maybeClose (internal/child_process.js:852:16)
14 verbose stack     at Process.ChildProcess._handle.onexit (internal/child_process.js:215:5)
15 verbose pkgid command-tool@0.0.1
16 verbose cwd F:\webStorm project\cynomys_ct
17 error Windows_NT 10.0.10586
18 error argv "C:\\Program Files (x86)\\nodejs\\node.exe" "C:\\Program Files (x86)\\nodejs\\node_modules\\npm\\bin\\npm-cli.js" "run-script" "start"
19 error node v6.2.1
20 error npm  v3.9.3
21 error code ELIFECYCLE
22 error command-tool@0.0.1 start: `tru preview f:\game`
22 error Exit status 1
23 error Failed at the command-tool@0.0.1 start script 'tru preview f:\game'.
23 error Make sure you have the latest version of node.js and npm installed.
23 error If you do, this is most likely a problem with the command-tool package,
23 error not with npm itself.
23 error Tell the author that this fails on your system:
23 error     tru preview f:\game
23 error You can get information on how to open an issue for this project with:
23 error     npm bugs command-tool
23 error Or if that isn't available, you can get their info via:
23 error     npm owner ls command-tool
23 error There is likely additional logging output above.
24 verbose exit [ 1, true ]
